<?xml version="1.0" encoding="UTF-8"?>
<!-- Generated by org.testng.reporters.JUnitReportReporter -->
<testsuite hostname="DESKTOP-UCA2N86" failures="0" tests="1" name="E_Commerce_FMS.E_CommerceOrders" time="74.918" errors="0" timestamp="2024-02-23T15:49:16 IST" skipped="0">
  <testcase classname="E_Commerce_FMS.E_CommerceOrders" name="eCommerceOrders" time="74.918"/>
  <system-out/>
</testsuite> <!-- E_Commerce_FMS.E_CommerceOrders -->
