<?xml version="1.0" encoding="UTF-8"?>
<!-- Generated by org.testng.reporters.JUnitReportReporter -->
<testsuite hostname="DESKTOP-UCA2N86" failures="0" tests="1" name="sprint_2_Negative.ActionButtonAddingSchemeTermsandConditionsNull" time="44.622" errors="0" timestamp="2024-02-28T11:54:49 IST" skipped="0">
  <testcase classname="sprint_2_Negative.ActionButtonAddingSchemeTermsandConditionsNull" name="actionButtonAddingSchemeTermsandConditionsNull" time="44.622"/>
  <system-out/>
</testsuite> <!-- sprint_2_Negative.ActionButtonAddingSchemeTermsandConditionsNull -->
