<?xml version="1.0" encoding="UTF-8"?>
<!-- Generated by org.testng.reporters.JUnitReportReporter -->
<testsuite hostname="DESKTOP-UCA2N86" failures="0" tests="1" name="sprint_2_Negative.AddSchemeName" time="48.216" errors="0" timestamp="2024-02-14T15:26:47 IST" skipped="0">
  <testcase classname="sprint_2_Negative.AddSchemeName" name="addSchemeName" time="48.216"/>
  <system-out/>
</testsuite> <!-- sprint_2_Negative.AddSchemeName -->
