<?xml version="1.0" encoding="UTF-8"?>
<!-- Generated by org.testng.reporters.JUnitReportReporter -->
<testsuite hostname="DESKTOP-UCA2N86" failures="0" tests="1" name="Sprint_3_Negative.E_Commerce_Sub_Categories" time="47.260" errors="0" timestamp="2024-03-04T11:44:30 IST" skipped="0">
  <testcase classname="Sprint_3_Negative.E_Commerce_Sub_Categories" name="closingSubCategoryPage" time="47.260"/>
  <system-out/>
</testsuite> <!-- Sprint_3_Negative.E_Commerce_Sub_Categories -->
