<?xml version="1.0" encoding="UTF-8"?>
<!-- Generated by org.testng.reporters.JUnitReportReporter -->
<testsuite hostname="DESKTOP-UCA2N86" failures="0" tests="1" name="E_Commerce_FMS.E_CommerceProductInfo" time="72.376" errors="0" timestamp="2024-02-20T18:24:58 IST" skipped="0">
  <testcase classname="E_Commerce_FMS.E_CommerceProductInfo" name="eCommerceProductInfo" time="72.376"/>
  <system-out/>
</testsuite> <!-- E_Commerce_FMS.E_CommerceProductInfo -->
