<?xml version="1.0" encoding="UTF-8"?>
<!-- Generated by org.testng.reporters.JUnitReportReporter -->
<testsuite hostname="DESKTOP-UCA2N86" failures="0" tests="1" name="sprint_2_Negative.AddCalculation" time="49.108" errors="0" timestamp="2024-02-14T10:30:54 IST" skipped="0">
  <testcase classname="sprint_2_Negative.AddCalculation" name="addCalculation" time="49.108"/>
  <system-out/>
</testsuite> <!-- sprint_2_Negative.AddCalculation -->
