<?xml version="1.0" encoding="UTF-8"?>
<!-- Generated by org.testng.reporters.JUnitReportReporter -->
<testsuite hostname="DESKTOP-UCA2N86" failures="0" tests="1" name="E_Commerce_FMS.E_CommerceProductInfo" time="70.045" errors="0" timestamp="2024-03-05T16:12:01 IST" skipped="0">
  <testcase classname="E_Commerce_FMS.E_CommerceProductInfo" name="productStonesViewButtonEditButton" time="70.045"/>
  <system-out/>
</testsuite> <!-- E_Commerce_FMS.E_CommerceProductInfo -->
