<?xml version="1.0" encoding="UTF-8"?>
<!-- Generated by org.testng.reporters.JUnitReportReporter -->
<testsuite hostname="DESKTOP-UCA2N86" failures="0" tests="1" name="sprint_2_Negative.StartSubscribtionPaymentPageWUBA" time="52.338" errors="0" timestamp="2024-02-15T16:39:48 IST" skipped="0">
  <testcase classname="sprint_2_Negative.StartSubscribtionPaymentPageWUBA" name="startSubscribtionPaymentPageWUBA" time="52.338"/>
  <system-out/>
</testsuite> <!-- sprint_2_Negative.StartSubscribtionPaymentPageWUBA -->
