<?xml version="1.0" encoding="UTF-8"?>
<!-- Generated by org.testng.reporters.JUnitReportReporter -->
<testsuite hostname="DESKTOP-UCA2N86" failures="0" tests="1" name="sprint_2_Negative.SchemeListActionButtonFullOperation" time="47.707" errors="0" timestamp="2024-02-14T16:23:40 IST" skipped="0">
  <testcase classname="sprint_2_Negative.SchemeListActionButtonFullOperation" name="schemeListActionButtonFullOperation" time="47.707"/>
  <system-out/>
</testsuite> <!-- sprint_2_Negative.SchemeListActionButtonFullOperation -->
