<?xml version="1.0" encoding="UTF-8"?>
<!-- Generated by org.testng.reporters.JUnitReportReporter -->
<testsuite hostname="DESKTOP-UCA2N86" failures="0" tests="1" name="sprint_2_Negative.ActionButtonSchemeTermsandConditiondAddingSuccessfully" time="46.007" errors="0" timestamp="2024-02-28T11:58:09 IST" skipped="0">
  <testcase classname="sprint_2_Negative.ActionButtonSchemeTermsandConditiondAddingSuccessfully" name="actionButtonSchemeTermsandConditiondAddingSuccessfully" time="46.007"/>
  <system-out/>
</testsuite> <!-- sprint_2_Negative.ActionButtonSchemeTermsandConditiondAddingSuccessfully -->
