<?xml version="1.0" encoding="UTF-8"?>
<!-- Generated by org.testng.reporters.JUnitReportReporter -->
<testsuite hostname="DESKTOP-UCA2N86" failures="0" tests="1" name="sprint_2_Negative.StartSubscribitionPaymentPageUsingBookingAccount" time="53.041" errors="0" timestamp="2024-02-16T11:59:29 IST" skipped="0">
  <testcase classname="sprint_2_Negative.StartSubscribitionPaymentPageUsingBookingAccount" name="startSubscribitionPaymentPage" time="53.041"/>
  <system-out/>
</testsuite> <!-- sprint_2_Negative.StartSubscribitionPaymentPageUsingBookingAccount -->
