<?xml version="1.0" encoding="UTF-8"?>
<!-- Generated by org.testng.reporters.JUnitReportReporter -->
<testsuite hostname="DESKTOP-UCA2N86" failures="0" tests="1" name="sprint_2_Negative.ActionButtonSchemeFatureAddingSuccessfully" time="112.261" errors="0" timestamp="2024-02-16T11:41:45 IST" skipped="0">
  <testcase classname="sprint_2_Negative.ActionButtonSchemeFatureAddingSuccessfully" name="schemeFatureAddingSuccessfully" time="112.261"/>
  <system-out/>
</testsuite> <!-- sprint_2_Negative.ActionButtonSchemeFatureAddingSuccessfully -->
