<?xml version="1.0" encoding="UTF-8"?>
<!-- Generated by org.testng.reporters.JUnitReportReporter -->
<testsuite hostname="DESKTOP-UCA2N86" failures="0" tests="1" name="sprint_2_Negative.TenureMonthsAddedSuccessfully" time="101.801" errors="0" timestamp="2024-02-16T11:33:33 IST" skipped="0">
  <testcase classname="sprint_2_Negative.TenureMonthsAddedSuccessfully" name="tenureAmountAddedSuccessfully" time="101.801"/>
  <system-out/>
</testsuite> <!-- sprint_2_Negative.TenureMonthsAddedSuccessfully -->
