<?xml version="1.0" encoding="UTF-8"?>
<!-- Generated by org.testng.reporters.JUnitReportReporter -->
<testsuite hostname="DESKTOP-UCA2N86" failures="0" tests="1" name="E_Commerce_FMS.E_CommerceCategory" time="33.300" errors="0" timestamp="2024-02-23T11:59:20 IST" skipped="0">
  <testcase classname="E_Commerce_FMS.E_CommerceCategory" name="eCommerceCategory" time="33.300"/>
  <system-out/>
</testsuite> <!-- E_Commerce_FMS.E_CommerceCategory -->
