<?xml version="1.0" encoding="UTF-8"?>
<!-- Generated by org.testng.reporters.JUnitReportReporter -->
<testsuite hostname="DESKTOP-UCA2N86" failures="0" tests="1" name="sprint_2_Negative.MissingAddCalculation" time="47.868" errors="0" timestamp="2024-02-16T11:06:40 IST" skipped="0">
  <testcase classname="sprint_2_Negative.MissingAddCalculation" name="addCalculation" time="47.868"/>
  <system-out/>
</testsuite> <!-- sprint_2_Negative.MissingAddCalculation -->
