<?xml version="1.0" encoding="UTF-8"?>
<!-- Generated by org.testng.reporters.JUnitReportReporter -->
<testsuite hostname="DESKTOP-UCA2N86" failures="0" tests="1" name="sprint_2_Negative.NavigateEcommerce" time="28.132" errors="0" timestamp="2024-02-13T16:06:54 IST" skipped="0">
  <testcase classname="sprint_2_Negative.NavigateEcommerce" name="navigateEcommerce" time="28.132"/>
  <system-out/>
</testsuite> <!-- sprint_2_Negative.NavigateEcommerce -->
