<?xml version="1.0" encoding="UTF-8"?>
<!-- Generated by org.testng.reporters.JUnitReportReporter -->
<testsuite hostname="DESKTOP-UCA2N86" failures="0" tests="1" name="E_Commerce_FMS.E_CommerceAddingSubCategory" time="35.024" errors="0" timestamp="2024-02-20T16:53:53 IST" skipped="0">
  <testcase classname="E_Commerce_FMS.E_CommerceAddingSubCategory" name="bootStrapButtom" time="35.024"/>
  <system-out/>
</testsuite> <!-- E_Commerce_FMS.E_CommerceAddingSubCategory -->
