<?xml version="1.0" encoding="UTF-8"?>
<!-- Generated by org.testng.reporters.JUnitReportReporter -->
<testsuite hostname="DESKTOP-UCA2N86" failures="0" tests="1" name="sprint_2_Negative.AddingScheme" time="50.075" errors="0" timestamp="2024-02-14T11:10:24 IST" skipped="0">
  <testcase classname="sprint_2_Negative.AddingScheme" name="addingScheme" time="50.075"/>
  <system-out/>
</testsuite> <!-- sprint_2_Negative.AddingScheme -->
