<?xml version="1.0" encoding="UTF-8"?>
<!-- Generated by org.testng.reporters.JUnitReportReporter -->
<testsuite hostname="DESKTOP-UCA2N86" failures="0" tests="1" name="sprint_2_Negative.EditButtonSchemes" time="56.677" errors="0" timestamp="2024-02-14T17:54:06 IST" skipped="0">
  <testcase classname="sprint_2_Negative.EditButtonSchemes" name="editButtonSchemes" time="56.677"/>
  <system-out/>
</testsuite> <!-- sprint_2_Negative.EditButtonSchemes -->
