<?xml version="1.0" encoding="UTF-8"?>
<!-- Generated by org.testng.reporters.JUnitReportReporter -->
<testsuite hostname="DESKTOP-UCA2N86" failures="0" tests="1" name="sprint_2_Negative.StartSubscribtionPaymentPageWUBA" time="51.247" errors="0" timestamp="2024-02-16T11:56:23 IST" skipped="0">
  <testcase classname="sprint_2_Negative.StartSubscribtionPaymentPageWUBA" name="startSubscribtionPaymentPageWUBA" time="51.247"/>
  <system-out/>
</testsuite> <!-- sprint_2_Negative.StartSubscribtionPaymentPageWUBA -->
