<?xml version="1.0" encoding="UTF-8"?>
<!-- Generated by org.testng.reporters.JUnitReportReporter -->
<testsuite hostname="DESKTOP-UCA2N86" failures="0" tests="1" name="sprint_2_Negative.ActionButtonSchemeFatureAddingSuccessfully" time="56.150" errors="0" timestamp="2024-02-14T16:18:03 IST" skipped="0">
  <testcase classname="sprint_2_Negative.ActionButtonSchemeFatureAddingSuccessfully" name="schemeFatureAddingSuccessfully" time="56.150"/>
  <system-out/>
</testsuite> <!-- sprint_2_Negative.ActionButtonSchemeFatureAddingSuccessfully -->
