<?xml version="1.0" encoding="UTF-8"?>
<!-- Generated by org.testng.reporters.JUnitReportReporter -->
<testsuite hostname="DESKTOP-UCA2N86" failures="0" tests="1" name="sprint_2_Negative.NavigateToDashboard" time="24.283" errors="0" timestamp="2024-02-15T11:53:33 IST" skipped="0">
  <testcase classname="sprint_2_Negative.NavigateToDashboard" name="navigateToDashboard" time="24.283"/>
  <system-out/>
</testsuite> <!-- sprint_2_Negative.NavigateToDashboard -->
