<?xml version="1.0" encoding="UTF-8"?>
<!-- Generated by org.testng.reporters.JUnitReportReporter -->
<testsuite hostname="DESKTOP-UCA2N86" failures="0" tests="1" name="sprint_2_Negative.SubscribeButtonStartSubscribition" time="28.295" errors="0" timestamp="2024-02-16T11:54:40 IST" skipped="0">
  <testcase classname="sprint_2_Negative.SubscribeButtonStartSubscribition" name="subscribeButtonStartSubscribition" time="28.295"/>
  <system-out/>
</testsuite> <!-- sprint_2_Negative.SubscribeButtonStartSubscribition -->
