<?xml version="1.0" encoding="UTF-8"?>
<!-- Generated by org.testng.reporters.JUnitReportReporter -->
<testsuite hostname="DESKTOP-UCA2N86" failures="0" tests="1" name="sprint_2_Negative.LoginWithInvalidPassword" time="18.531" errors="0" timestamp="2024-02-12T14:58:42 IST" skipped="0">
  <testcase classname="sprint_2_Negative.LoginWithInvalidPassword" name="LoginWithInvalidPassword" time="18.531"/>
  <system-out/>
</testsuite> <!-- sprint_2_Negative.LoginWithInvalidPassword -->
