<?xml version="1.0" encoding="UTF-8"?>
<!-- Generated by org.testng.reporters.JUnitReportReporter -->
<testsuite hostname="DESKTOP-UCA2N86" failures="0" tests="1" name="sprint_2_Negative.TenureMonthsAddedSuccessfully" time="98.090" errors="0" timestamp="2024-02-19T11:30:48 IST" skipped="0">
  <testcase classname="sprint_2_Negative.TenureMonthsAddedSuccessfully" name="tenureAmountAddedSuccessfullyTest" time="98.090"/>
  <system-out/>
</testsuite> <!-- sprint_2_Negative.TenureMonthsAddedSuccessfully -->
