<?xml version="1.0" encoding="UTF-8"?>
<!-- Generated by org.testng.reporters.JUnitReportReporter -->
<testsuite hostname="DESKTOP-UCA2N86" failures="0" tests="1" name="E_Commerce_FMS.E_CommerceBrands" time="48.443" errors="0" timestamp="2024-02-21T10:08:41 IST" skipped="0">
  <testcase classname="E_Commerce_FMS.E_CommerceBrands" name="eCommerceBrands" time="48.443"/>
  <system-out/>
</testsuite> <!-- E_Commerce_FMS.E_CommerceBrands -->
