<?xml version="1.0" encoding="UTF-8"?>
<!-- Generated by org.testng.reporters.JUnitReportReporter -->
<testsuite hostname="DESKTOP-UCA2N86" failures="0" tests="1" name="E_Commerce_FMS.E_CommerceAddingSubCategory" time="53.775" errors="0" timestamp="2024-02-23T11:47:48 IST" skipped="0">
  <testcase classname="E_Commerce_FMS.E_CommerceAddingSubCategory" name="edit" time="53.775"/>
  <system-out/>
</testsuite> <!-- E_Commerce_FMS.E_CommerceAddingSubCategory -->
