<?xml version="1.0" encoding="UTF-8"?>
<!-- Generated by org.testng.reporters.JUnitReportReporter -->
<testsuite hostname="DESKTOP-UCA2N86" failures="0" tests="1" name="sprint_2_Negative.NavigateEcommerce" time="26.653" errors="0" timestamp="2024-02-16T10:47:12 IST" skipped="0">
  <testcase classname="sprint_2_Negative.NavigateEcommerce" name="navigateEcommerce" time="26.653"/>
  <system-out/>
</testsuite> <!-- sprint_2_Negative.NavigateEcommerce -->
