<?xml version="1.0" encoding="UTF-8"?>
<!-- Generated by org.testng.reporters.JUnitReportReporter -->
<testsuite hostname="DESKTOP-UCA2N86" failures="0" tests="1" name="Sprint_3_Negative.E_Commerce_Products" time="35.553" errors="0" timestamp="2024-03-04T17:00:27 IST" skipped="0">
  <testcase classname="Sprint_3_Negative.E_Commerce_Products" name="productPageActionButton_ClearingData8" time="35.553"/>
  <system-out/>
</testsuite> <!-- Sprint_3_Negative.E_Commerce_Products -->
