<?xml version="1.0" encoding="UTF-8"?>
<!-- Generated by org.testng.reporters.JUnitReportReporter -->
<testsuite hostname="DESKTOP-UCA2N86" failures="0" tests="1" name="Banners_FMS.Banners_MainBanners" time="24.600" errors="0" timestamp="2024-02-22T16:57:18 IST" skipped="0">
  <testcase classname="Banners_FMS.Banners_MainBanners" name="bannersMainBanners" time="24.600"/>
  <system-out/>
</testsuite> <!-- Banners_FMS.Banners_MainBanners -->
