<?xml version="1.0" encoding="UTF-8"?>
<!-- Generated by org.testng.reporters.JUnitReportReporter -->
<testsuite hostname="DESKTOP-UCA2N86" failures="0" tests="1" name="sprint_2_Negative.MissedFeildsAreAddedInScheme" time="49.939" errors="0" timestamp="2024-02-16T11:07:43 IST" skipped="0">
  <testcase classname="sprint_2_Negative.MissedFeildsAreAddedInScheme" name="addingScheme" time="49.939"/>
  <system-out/>
</testsuite> <!-- sprint_2_Negative.MissedFeildsAreAddedInScheme -->
