<?xml version="1.0" encoding="UTF-8"?>
<!-- Generated by org.testng.reporters.JUnitReportReporter -->
<testsuite hostname="DESKTOP-UCA2N86" failures="0" tests="1" name="Sprint_3_Negative.E_Commerce_Sub_Categories" time="48.130" errors="0" timestamp="2024-03-02T18:21:17 IST" skipped="0">
  <testcase classname="Sprint_3_Negative.E_Commerce_Sub_Categories" name="searchEditFeildSubCategory" time="48.130"/>
  <system-out/>
</testsuite> <!-- Sprint_3_Negative.E_Commerce_Sub_Categories -->
