<?xml version="1.0" encoding="UTF-8"?>
<!-- Generated by org.testng.reporters.JUnitReportReporter -->
<testsuite hostname="DESKTOP-UCA2N86" failures="0" tests="1" name="E_Commerce_FMS.E_CommerceAddingCaterogey" time="48.501" errors="0" timestamp="2024-02-20T17:06:20 IST" skipped="0">
  <testcase classname="E_Commerce_FMS.E_CommerceAddingCaterogey" name="edit" time="48.501"/>
  <system-out/>
</testsuite> <!-- E_Commerce_FMS.E_CommerceAddingCaterogey -->
