<?xml version="1.0" encoding="UTF-8"?>
<!-- Generated by org.testng.reporters.JUnitReportReporter -->
<testsuite hostname="DESKTOP-UCA2N86" failures="0" tests="1" name="sprint_2_Negative.ActionButtonSchemeContentNull" time="41.680" errors="0" timestamp="2024-02-14T16:06:54 IST" skipped="0">
  <testcase classname="sprint_2_Negative.ActionButtonSchemeContentNull" name="schemeContentNull" time="41.680"/>
  <system-out/>
</testsuite> <!-- sprint_2_Negative.ActionButtonSchemeContentNull -->
