<?xml version="1.0" encoding="UTF-8"?>
<!-- Generated by org.testng.reporters.JUnitReportReporter -->
<testsuite hostname="DESKTOP-UCA2N86" failures="0" tests="1" name="sprint_2_Negative.ActionButtonSchemeContentAddingSuccessfully" time="125.196" errors="0" timestamp="2024-02-20T10:58:37 IST" skipped="0">
  <testcase classname="sprint_2_Negative.ActionButtonSchemeContentAddingSuccessfully" name="schemeContentAddingSuccessfullyTest" time="125.196"/>
  <system-out/>
</testsuite> <!-- sprint_2_Negative.ActionButtonSchemeContentAddingSuccessfully -->
