<?xml version="1.0" encoding="UTF-8"?>
<!-- Generated by org.testng.reporters.JUnitReportReporter -->
<testsuite hostname="DESKTOP-UCA2N86" failures="0" tests="1" name="sprint_2_Negative.TenureAmountListNull" time="39.071" errors="0" timestamp="2024-02-14T15:57:38 IST" skipped="0">
  <testcase classname="sprint_2_Negative.TenureAmountListNull" name="tenureAmountListNull" time="39.071"/>
  <system-out/>
</testsuite> <!-- sprint_2_Negative.TenureAmountListNull -->
