<?xml version="1.0" encoding="UTF-8"?>
<!-- Generated by org.testng.reporters.JUnitReportReporter -->
<testsuite hostname="DESKTOP-UCA2N86" failures="0" tests="1" name="Banners_FMS.Banners_E_ComBanners" time="43.578" errors="0" timestamp="2024-02-23T10:56:09 IST" skipped="0">
  <testcase classname="Banners_FMS.Banners_E_ComBanners" name="addEComBanners" time="43.578"/>
  <system-out/>
</testsuite> <!-- Banners_FMS.Banners_E_ComBanners -->
