<?xml version="1.0" encoding="UTF-8"?>
<!-- Generated by org.testng.reporters.JUnitReportReporter -->
<testsuite hostname="DESKTOP-UCA2N86" failures="0" tests="1" name="sprint_2_Negative.LoginWrongUser1" time="18.736" errors="0" timestamp="2024-02-12T14:49:23 IST" skipped="0">
  <testcase classname="sprint_2_Negative.LoginWrongUser1" name="LoginWrongUser1" time="18.736"/>
  <system-out/>
</testsuite> <!-- sprint_2_Negative.LoginWrongUser1 -->
