<?xml version="1.0" encoding="UTF-8"?>
<!-- Generated by org.testng.reporters.JUnitReportReporter -->
<testsuite hostname="DESKTOP-UCA2N86" failures="0" tests="1" name="Banners_FMS.Banners_E_ComBanners" time="41.396" errors="0" timestamp="2024-02-22T17:37:17 IST" skipped="0">
  <testcase classname="Banners_FMS.Banners_E_ComBanners" name="edit" time="41.396"/>
  <system-out/>
</testsuite> <!-- Banners_FMS.Banners_E_ComBanners -->
