<?xml version="1.0" encoding="UTF-8"?>
<!-- Generated by org.testng.reporters.JUnitReportReporter -->
<testsuite hostname="DESKTOP-UCA2N86" failures="0" tests="1" name="E_Commerce_FMS.E_CommerceOrders" time="80.562" errors="0" timestamp="2024-02-21T15:38:57 IST" skipped="0">
  <testcase classname="E_Commerce_FMS.E_CommerceOrders" name="eCommerceOrders" time="80.562"/>
  <system-out/>
</testsuite> <!-- E_Commerce_FMS.E_CommerceOrders -->
