<?xml version="1.0" encoding="UTF-8"?>
<!-- Generated by org.testng.reporters.JUnitReportReporter -->
<testsuite hostname="DESKTOP-UCA2N86" failures="0" tests="1" name="sprint_2_Negative.StartSubscribitionPaymentPage" time="54.161" errors="0" timestamp="2024-02-15T16:05:08 IST" skipped="0">
  <testcase classname="sprint_2_Negative.StartSubscribitionPaymentPage" name="startSubscribitionPaymentPage" time="54.161"/>
  <system-out/>
</testsuite> <!-- sprint_2_Negative.StartSubscribitionPaymentPage -->
