<?xml version="1.0" encoding="UTF-8"?>
<!-- Generated by org.testng.reporters.JUnitReportReporter -->
<testsuite hostname="DESKTOP-UCA2N86" failures="0" tests="1" name="sprint_2_Negative.ActionButtonSchemeFatureAddingSuccessfully" time="130.389" errors="0" timestamp="2024-02-20T11:03:13 IST" skipped="0">
  <testcase classname="sprint_2_Negative.ActionButtonSchemeFatureAddingSuccessfully" name="schemeFatureAddingSuccessfullyTest" time="130.389"/>
  <system-out/>
</testsuite> <!-- sprint_2_Negative.ActionButtonSchemeFatureAddingSuccessfully -->
