<?xml version="1.0" encoding="UTF-8"?>
<!-- Generated by org.testng.reporters.JUnitReportReporter -->
<testsuite hostname="DESKTOP-UCA2N86" failures="0" tests="1" name="E_Commerce_FMS.NavigationToE_Commerce" time="26.626" errors="0" timestamp="2024-02-20T11:10:50 IST" skipped="0">
  <testcase classname="E_Commerce_FMS.NavigationToE_Commerce" name="navigationToE_Commerce" time="26.626"/>
  <system-out/>
</testsuite> <!-- E_Commerce_FMS.NavigationToE_Commerce -->
