<?xml version="1.0" encoding="UTF-8"?>
<!-- Generated by org.testng.reporters.JUnitReportReporter -->
<testsuite hostname="DESKTOP-UCA2N86" failures="0" tests="1" name="sprint_2_Negative.aSprint_1_LoginLogout_Demo_FMS" time="9.426" errors="0" timestamp="2024-02-12T14:16:57 IST" skipped="0">
  <testcase classname="sprint_2_Negative.aSprint_1_LoginLogout_Demo_FMS" name="loginLogoutTest" time="9.426"/>
  <system-out/>
</testsuite> <!-- sprint_2_Negative.aSprint_1_LoginLogout_Demo_FMS -->
