<?xml version="1.0" encoding="UTF-8"?>
<!-- Generated by org.testng.reporters.JUnitReportReporter -->
<testsuite hostname="DESKTOP-UCA2N86" failures="0" tests="1" name="Sprint_3_Negative.E_Commerce_Products" time="92.363" errors="0" timestamp="2024-03-04T13:05:03 IST" skipped="0">
  <testcase classname="Sprint_3_Negative.E_Commerce_Products" name="addingProductsByPassing6Values" time="92.363"/>
  <system-out/>
</testsuite> <!-- Sprint_3_Negative.E_Commerce_Products -->
