<?xml version="1.0" encoding="UTF-8"?>
<!-- Generated by org.testng.reporters.JUnitReportReporter -->
<testsuite hostname="DESKTOP-UCA2N86" failures="0" tests="1" name="Banners_FMS.Banners_SplashBanners" time="38.030" errors="0" timestamp="2024-02-22T16:08:02 IST" skipped="0">
  <testcase classname="Banners_FMS.Banners_SplashBanners" name="edit" time="38.030"/>
  <system-out/>
</testsuite> <!-- Banners_FMS.Banners_SplashBanners -->
