<?xml version="1.0" encoding="UTF-8"?>
<!-- Generated by org.testng.reporters.JUnitReportReporter -->
<testsuite hostname="DESKTOP-UCA2N86" failures="0" tests="1" name="sprint_2_Negative.StartSubscribtionPaymentPageWUBA" time="50.564" errors="0" timestamp="2024-02-19T11:30:48 IST" skipped="0">
  <testcase classname="sprint_2_Negative.StartSubscribtionPaymentPageWUBA" name="startSubscribtionPaymentPageWUBATest" time="50.564"/>
  <system-out/>
</testsuite> <!-- sprint_2_Negative.StartSubscribtionPaymentPageWUBA -->
