<?xml version="1.0" encoding="UTF-8"?>
<!-- Generated by org.testng.reporters.JUnitReportReporter -->
<testsuite hostname="DESKTOP-UCA2N86" failures="0" tests="1" name="Sprint_3_Negative.E_Commerce_Transactions" time="33.844" errors="0" timestamp="2024-03-05T12:44:57 IST" skipped="0">
  <testcase classname="Sprint_3_Negative.E_Commerce_Transactions" name="transactionsSearchFeildUnregisteredNumber" time="33.844"/>
  <system-out/>
</testsuite> <!-- Sprint_3_Negative.E_Commerce_Transactions -->
